<?xml version="1.0" encoding="UTF-8"?>
<!-- Generated by org.testng.reporters.JUnitXMLReporter -->
<testsuite hostname="DESKTOP-JQJ5R9C" ignored="0" name="Test" tests="3" failures="0" timestamp="2023-04-24T14:35:48 IST" time="43.263" errors="0">
  <testcase name="runDeleteLead" time="21.54" classname="testcase.DeleteLead"/>
  <testcase name="runCreateLead" time="13.443" classname="testcase.CreateLead"/>
  <testcase name="runEditLead" time="18.845" classname="testcase.EditLead"/>
</testsuite> <!-- Test -->
