<?xml version="1.0" encoding="UTF-8"?>
<testng-results ignored="0" total="1" passed="1" failed="0" skipped="0">
  <reporter-output>
  </reporter-output>
  <suite started-at="2023-04-21T18:28:26 IST" name="Default suite" finished-at="2023-04-21T18:28:31 IST" duration-ms="5030">
    <groups>
    </groups>
    <test started-at="2023-04-21T18:28:26 IST" name="Default test" finished-at="2023-04-21T18:28:31 IST" duration-ms="5030">
      <class name="SeleniumChallenge.Mahindra">
        <test-method is-config="true" signature="launchBrowser()[pri:0, instance:SeleniumChallenge.Mahindra@74751b3]" started-at="2023-04-21T18:28:26 IST" name="launchBrowser" finished-at="2023-04-21T18:28:31 IST" duration-ms="4820" status="PASS">
          <reporter-output>
          </reporter-output>
        </test-method> <!-- launchBrowser -->
        <test-method signature="mahindra()[pri:0, instance:SeleniumChallenge.Mahindra@74751b3]" started-at="2023-04-21T18:28:31 IST" name="mahindra" finished-at="2023-04-21T18:28:31 IST" duration-ms="180" status="PASS">
          <reporter-output>
          </reporter-output>
        </test-method> <!-- mahindra -->
        <test-method is-config="true" signature="closeBrowser()[pri:0, instance:SeleniumChallenge.Mahindra@74751b3]" started-at="2023-04-21T18:28:31 IST" name="closeBrowser" finished-at="2023-04-21T18:28:31 IST" duration-ms="0" status="PASS">
          <reporter-output>
          </reporter-output>
        </test-method> <!-- closeBrowser -->
      </class> <!-- SeleniumChallenge.Mahindra -->
    </test> <!-- Default test -->
  </suite> <!-- Default suite -->
</testng-results>
